ISim log file
Running: C:\Users\CH\Desktop\verilog\p5\mips_t_isim_beh.exe -intstyle ise -gui -tclbatch isim.cmd -wdb C:/Users/CH/Desktop/verilog/p5/mips_t_isim_beh.wdb 
ISim P.20131013 (signature 0x8ef4fb42)
This is a Full version of ISim.
Time resolution is 1 ps
# onerror resume
# wave add /
# run 1000 ns
Simulator is doing circuit initialization process.
Finished circuit initialization process.
                   7@00003000: $ 0 <= 00000000
                   8@00003004: $ 1 <= 00000004
                   9@00003008: $ 2 <= 00000008
                  10@0000300c: $ 3 <= 0000000c
                  11@00003010: $ 4 <= 00000010
                  12@00003014: $ 5 <= 00000014
                  13@00003018: $ 6 <= 00000018
                  14@0000301c: $ 7 <= 0000001c
                  15@00003020: $ 8 <= 00000020
                  16@00003024: $ 9 <= 00000024
                  17@00003028: $10 <= 00000028
                  18@0000302c: $11 <= 0000002c
                  19@00003030: $12 <= 00000030
                  20@00003034: $13 <= 00000034
                  21@00003038: $14 <= 00000038
                  22@0000303c: $15 <= 0000003c
                  23@00003040: $16 <= 00000040
                  24@00003044: $17 <= 00000044
                  25@00003048: $18 <= 00000048
                  26@0000304c: $19 <= 0000004c
                  27@00003050: $20 <= 00000050
                  28@00003054: $21 <= 00000054
                  29@00003058: $22 <= 00000058
                  30@0000305c: $23 <= 0000005c
                  31@00003060: $24 <= 00000060
                  32@00003064: $25 <= 00000064
                  33@00003068: $26 <= 00000068
                  34@0000306c: $27 <= 0000006c
                  35@00003070: $28 <= 00000070
                  36@00003074: $29 <= 00000074
                  37@00003078: $30 <= 00000078
                  38@0000307c: $31 <= 0000007c
                  39@00003080: $20 <= 0000001c
                  40@00003084: $ 0 <= 0000001c
                  41@00003088: $ 0 <= 00000064
                  41@0000308c: *00000064 <= 00000078
                  43@00003090: $ 0 <= 00000000
                  44@00003094: $ 7 <= 00000008
                  44@00003098: *00000058 <= 00000018
                  47@000030a0: $ 0 <= 0000007c
                  48@000030a4: $ 0 <= 00000014
                  49@000030a8: $ 0 <= 00000008
                  50@000030ac: $ 0 <= 00000020
                  51@000030b0: $20 <= 0000001c
                  52@000030b4: $ 0 <= 0000000c
                  53@000030b8: $28 <= 00000028
                  54@000030bc: $ 1 <= 00000000
                  56@000030c4: $17 <= 00000028
                  57@000030c8: $25 <= 00000060
                  58@000030cc: $17 <= 00000000
                  59@000030d0: $30 <= 00000048
                  60@000030d4: $23 <= 00000078
                  61@000030d8: $19 <= 00000018
                  62@000030dc: $19 <= 0000007c
                  63@000030e0: $19 <= 00000000
                  63@000030e4: *00000010 <= 00000008
                  65@000030e8: $ 4 <= 00000000
                  66@000030ec: $ 8 <= 00000000
                  66@000030f0: *00000004 <= 00000000
                  68@000030f4: $23 <= 0000007c
                  69@000030fc: *0000008c <= 00000028
                  71@00003100: $17 <= 00000078
                  72@00003104: $18 <= 00000000
                  72@00003108: *00000028 <= 0000001c
                  73@0000310c: *00000088 <= 00000078
                  75@00003110: $ 0 <= 00000018
                  76@00003114: $31 <= 00000058
                  77@00003118: $ 6 <= 0000000c
                  77@0000311c: *00000000 <= 00000000
                  79@00003120: $21 <= 0000005c
                  80@00003124: $ 3 <= 00000014
                  83@00003130: $ 0 <= 00000014
                  84@00003134: $ 6 <= 00000000
                  85@00003138: $ 1 <= 00000004
                  86@0000313c: $ 8 <= 00000068
                  87@00003140: $28 <= 00000018
                  88@00003144: $ 8 <= 0000006c
                  89@00003148: $ 1 <= 00000018
                  89@0000314c: *0000000c <= 00000058
                  92@00003154: $22 <= 00000018
                  93@00003158: $ 1 <= 0000007c
                  94@0000315c: $24 <= 00000000
                  95@00003160: $23 <= 0000003c
                  96@00003164: $26 <= 0000007c
                  97@00003168: $24 <= 00000000
                  98@0000316c: $ 5 <= 00000000
                 101@00003178: $ 0 <= 00000000
                 102@0000317c: $28 <= 0000001c
                 102@00003180: *00000028 <= 0000001c
                 104@00003184: $29 <= 0000001c
                 105@00003188: $18 <= 00000078
                 105@0000318c: *00000028 <= 0000001c
                 107@00003190: $30 <= 00000014
                 108@00003194: $ 0 <= 00000000
                 109@00003198: $ 0 <= 0000007c
                 109@0000319c: *00000024 <= 00000014
                 111@000031a0: $21 <= 00000008
                 113@000031a4: $ 8 <= 00000018
                 114@000031a8: $ 4 <= 00000000
                 115@000031ac: $ 2 <= 00000000
                 116@000031b0: $27 <= 00000000
                 117@000031b4: $29 <= 00000000
                 118@000031b8: $28 <= 00000000
                 118@000031bc: *00000018 <= 0000003c
                 120@000031c0: $ 0 <= 00000000
                 121@000031c4: $31 <= 00000000
                 123@000031c8: $29 <= 00000010
                 124@000031cc: $28 <= 00000000
                 125@000031d0: $17 <= 0000003c
                 126@000031d4: $ 0 <= 00000018
                 127@000031d8: $ 0 <= 00000000
                 128@000031dc: $ 0 <= 00000058
                 128@000031e0: *0000000c <= 00000000
                 130@000031e4: $27 <= 00000018
                 131@000031e8: $ 3 <= 00000000
                 133@000031ec: $21 <= 0000003c
                 134@000031f0: $ 1 <= 00000000
                 135@000031f4: $ 0 <= 00000018
                 136@000031f8: $ 1 <= 00000000
                 137@000031fc: $ 0 <= 00000000
                 138@00003200: $21 <= 00000000
                 139@00003204: $ 2 <= 0000003c
                 140@00003208: $ 4 <= 00000000
                 141@0000320c: $24 <= 00000000
                 142@00003210: *00000000 <= 00000000
                 144@00003214: $21 <= 00000000
                 145@00003218: $20 <= 00000000
                 145@0000321c: *00000010 <= 00000000
                 147@00003220: $19 <= 00000000
                 148@00003224: $26 <= 00000078
                 148@00003228: *00000014 <= 00000000
                 149@0000322c: *00000014 <= 00000000
                 150@00003230: *00000018 <= 00000000
                 152@00003234: $29 <= 00000018
                 152@00003238: *00000000 <= 00000000
                 153@0000323c: *00000000 <= 00000000
                 155@00003240: $ 4 <= 00000000
                 155@00003244: *00000018 <= 00000078
                 156@00003248: *00000008 <= 00000000
                 158@0000324c: $27 <= 0000007c
                 159@00003250: $25 <= 00000018
                 159@00003254: *00000004 <= 00000000
                 161@00003258: $ 3 <= 00000010
                 161@0000325c: *00000094 <= 00000078
                 163@00003260: $17 <= 00000078
                 164@00003264: $21 <= 00000000
                 164@00003268: *00000010 <= 00000000
                 166@0000326c: $ 8 <= 0000007c
                 168@00003274: $20 <= 0000003c
                 168@00003278: *00000080 <= 00000078
                 170@0000327c: $31 <= 00000028
                 170@00003280: *00000018 <= 00000018
                 173@00003288: $ 8 <= 00000000
                 173@0000328c: *00000000 <= 0000003c
                 175@00003290: $ 0 <= 00000000
                 175@00003294: *00000018 <= 00000000
                 177@00003298: $ 0 <= 00000000
                 177@0000329c: *00000028 <= 00000000
                 178@000032a0: *0000007c <= 00000018
                 179@000032a4: *00000014 <= 00000000
                 181@000032a8: $ 5 <= 00000020
                 181@000032ac: *00000054 <= 0000003c
                 182@000032b0: *00000000 <= 00000028
                 185@000032b8: $ 4 <= 00000000
                 185@000032bc: *00000000 <= 00000000
                 187@000032c0: $ 0 <= 00000028
                 188@000032c4: $ 6 <= 00000000
                 189@000032c8: $ 0 <= 0000007c
                 191@000032d0: $21 <= 00000000
                 192@000032d4: $ 0 <= 00000000
                 194@000032dc: $ 0 <= 00000000
                 195@000032e0: $ 8 <= 00000000
                 196@000032e4: $31 <= 00000020
                 197@000032e8: $ 0 <= 00000038
                 198@000032ec: $ 0 <= 00000000
                 200@000032f4: $ 8 <= 00000018
                 201@000032f8: $ 8 <= 00000000
                 203@00003300: $ 0 <= 0000007c
                 231@00003000: $ 0 <= 00000000
                 232@00003004: $ 1 <= 00000004
                 233@00003008: $ 2 <= 00000008
                 234@0000300c: $ 3 <= 0000000c
                 235@00003010: $ 4 <= 00000010
                 236@00003014: $ 5 <= 00000014
                 237@00003018: $ 6 <= 00000018
                 238@0000301c: $ 7 <= 0000001c
                 239@00003020: $ 8 <= 00000020
                 240@00003024: $ 9 <= 00000024
                 241@00003028: $10 <= 00000028
                 242@0000302c: $11 <= 0000002c
                 243@00003030: $12 <= 00000030
                 244@00003034: $13 <= 00000034
                 245@00003038: $14 <= 00000038
                 246@0000303c: $15 <= 0000003c
                 247@00003040: $16 <= 00000040
                 248@00003044: $17 <= 00000044
                 249@00003048: $18 <= 00000048
                 250@0000304c: $19 <= 0000004c
                 251@00003050: $20 <= 00000050
                 252@00003054: $21 <= 00000054
                 253@00003058: $22 <= 00000058
                 254@0000305c: $23 <= 0000005c
                 255@00003060: $24 <= 00000060
                 256@00003064: $25 <= 00000064
                 257@00003068: $26 <= 00000068
                 258@0000306c: $27 <= 0000006c
                 259@00003070: $28 <= 00000070
                 260@00003074: $29 <= 00000074
                 261@00003078: $30 <= 00000078
                 262@0000307c: $31 <= 0000007c
                 263@00003080: $20 <= 0000001c
                 264@00003084: $ 0 <= 0000001c
                 265@00003088: $ 0 <= 00000064
                 265@0000308c: *00000064 <= 00000078
                 267@00003090: $ 0 <= 00000000
                 268@00003094: $ 7 <= 00000008
                 268@00003098: *00000058 <= 00000018
                 271@000030a0: $ 0 <= 0000007c
                 272@000030a4: $ 0 <= 00000014
                 273@000030a8: $ 0 <= 00000008
                 274@000030ac: $ 0 <= 00000020
                 275@000030b0: $20 <= 0000001c
                 276@000030b4: $ 0 <= 0000000c
                 277@000030b8: $28 <= 00000028
                 278@000030bc: $ 1 <= 00000000
                 280@000030c4: $17 <= 00000028
                 281@000030c8: $25 <= 00000060
                 282@000030cc: $17 <= 00000000
                 283@000030d0: $30 <= 00000048
                 284@000030d4: $23 <= 00000078
                 285@000030d8: $19 <= 00000018
                 286@000030dc: $19 <= 0000007c
                 287@000030e0: $19 <= 00000000
                 287@000030e4: *00000010 <= 00000008
                 289@000030e8: $ 4 <= 00000000
                 290@000030ec: $ 8 <= 00000000
                 290@000030f0: *00000004 <= 00000000
                 292@000030f4: $23 <= 0000007c
                 293@000030fc: *0000008c <= 00000028
                 295@00003100: $17 <= 00000078
                 296@00003104: $18 <= 00000000
                 296@00003108: *00000028 <= 0000001c
                 297@0000310c: *00000088 <= 00000078
                 299@00003110: $ 0 <= 00000018
                 300@00003114: $31 <= 00000058
                 301@00003118: $ 6 <= 0000000c
                 301@0000311c: *00000000 <= 00000000
                 303@00003120: $21 <= 0000005c
                 304@00003124: $ 3 <= 00000014
                 307@00003130: $ 0 <= 00000014
                 308@00003134: $ 6 <= 00000000
                 309@00003138: $ 1 <= 00000004
                 310@0000313c: $ 8 <= 00000068
                 311@00003140: $28 <= 00000018
                 312@00003144: $ 8 <= 0000006c
                 313@00003148: $ 1 <= 00000018
                 313@0000314c: *0000000c <= 00000058
                 316@00003154: $22 <= 00000018
                 317@00003158: $ 1 <= 0000007c
                 318@0000315c: $24 <= 00000000
                 319@00003160: $23 <= 0000003c
                 320@00003164: $26 <= 0000007c
                 321@00003168: $24 <= 00000000
                 322@0000316c: $ 5 <= 00000000
                 325@00003178: $ 0 <= 00000000
                 326@0000317c: $28 <= 0000001c
                 326@00003180: *00000028 <= 0000001c
                 328@00003184: $29 <= 0000001c
                 329@00003188: $18 <= 00000078
                 329@0000318c: *00000028 <= 0000001c
                 331@00003190: $30 <= 00000014
                 332@00003194: $ 0 <= 00000000
                 333@00003198: $ 0 <= 0000007c
                 333@0000319c: *00000024 <= 00000014
                 335@000031a0: $21 <= 00000008
                 337@000031a4: $ 8 <= 00000018
                 338@000031a8: $ 4 <= 00000000
                 339@000031ac: $ 2 <= 00000000
                 340@000031b0: $27 <= 00000000
                 341@000031b4: $29 <= 00000000
                 342@000031b8: $28 <= 00000000
                 342@000031bc: *00000018 <= 0000003c
                 344@000031c0: $ 0 <= 00000000
                 345@000031c4: $31 <= 00000000
                 347@000031c8: $29 <= 00000010
                 348@000031cc: $28 <= 00000000
                 349@000031d0: $17 <= 0000003c
                 350@000031d4: $ 0 <= 00000018
                 351@000031d8: $ 0 <= 00000000
                 352@000031dc: $ 0 <= 00000058
                 352@000031e0: *0000000c <= 00000000
                 354@000031e4: $27 <= 00000018
                 355@000031e8: $ 3 <= 00000000
                 357@000031ec: $21 <= 0000003c
                 358@000031f0: $ 1 <= 00000000
                 359@000031f4: $ 0 <= 00000018
                 360@000031f8: $ 1 <= 00000000
                 361@000031fc: $ 0 <= 00000000
                 362@00003200: $21 <= 00000000
                 363@00003204: $ 2 <= 0000003c
                 364@00003208: $ 4 <= 00000000
                 365@0000320c: $24 <= 00000000
                 366@00003210: *00000000 <= 00000000
                 368@00003214: $21 <= 00000000
                 369@00003218: $20 <= 00000000
                 369@0000321c: *00000010 <= 00000000
                 371@00003220: $19 <= 00000000
                 372@00003224: $26 <= 00000078
                 372@00003228: *00000014 <= 00000000
                 373@0000322c: *00000014 <= 00000000
                 374@00003230: *00000018 <= 00000000
                 376@00003234: $29 <= 00000018
                 376@00003238: *00000000 <= 00000000
                 377@0000323c: *00000000 <= 00000000
                 379@00003240: $ 4 <= 00000000
                 379@00003244: *00000018 <= 00000078
                 380@00003248: *00000008 <= 00000000
                 382@0000324c: $27 <= 0000007c
                 383@00003250: $25 <= 00000018
                 383@00003254: *00000004 <= 00000000
                 385@00003258: $ 3 <= 00000010
                 385@0000325c: *00000094 <= 00000078
                 387@00003260: $17 <= 00000078
                 388@00003264: $21 <= 00000000
                 388@00003268: *00000010 <= 00000000
                 390@0000326c: $ 8 <= 0000007c
                 392@00003274: $20 <= 0000003c
                 392@00003278: *00000080 <= 00000078
                 394@0000327c: $31 <= 00000028
                 394@00003280: *00000018 <= 00000018
                 397@00003288: $ 8 <= 00000000
                 397@0000328c: *00000000 <= 0000003c
                 399@00003290: $ 0 <= 00000000
                 399@00003294: *00000018 <= 00000000
                 401@00003298: $ 0 <= 00000000
                 401@0000329c: *00000028 <= 00000000
                 402@000032a0: *0000007c <= 00000018
                 403@000032a4: *00000014 <= 00000000
                 405@000032a8: $ 5 <= 00000020
                 405@000032ac: *00000054 <= 0000003c
                 406@000032b0: *00000000 <= 00000028
                 409@000032b8: $ 4 <= 00000000
                 409@000032bc: *00000000 <= 00000000
                 411@000032c0: $ 0 <= 00000028
                 412@000032c4: $ 6 <= 00000000
                 413@000032c8: $ 0 <= 0000007c
                 415@000032d0: $21 <= 00000000
                 416@000032d4: $ 0 <= 00000000
                 418@000032dc: $ 0 <= 00000000
                 419@000032e0: $ 8 <= 00000000
                 420@000032e4: $31 <= 00000020
                 421@000032e8: $ 0 <= 00000038
                 422@000032ec: $ 0 <= 00000000
                 424@000032f4: $ 8 <= 00000018
                 425@000032f8: $ 8 <= 00000000
                 427@00003300: $ 0 <= 0000007c
                 428@00003304: $30 <= 00000010
                 429@00003308: $26 <= 00000078
                 430@0000330c: $17 <= 00080000
                 431@00003310: $25 <= 00000078
                 433@00003318: $25 <= 000c0000
                 434@0000331c: $ 4 <= 00000000
                 436@00003324: $ 4 <= 000c0000
                 437@00003328: $ 5 <= 00000000
                 438@0000332c: $24 <= 0000007c
                 439@00003330: $17 <= 0000007c
                 440@00003334: $26 <= 00000008
                 442@0000333c: $24 <= 00000018
                 443@00003340: $ 4 <= 00000018
                 444@00003344: $ 0 <= 00000000
                 446@0000334c: $22 <= 00000018
                 447@00003350: $ 0 <= 00000020
                 448@00003354: $20 <= 00000004
                 449@00003358: $17 <= 0000000c
                 451@00003360: $18 <= 0000001c
                 452@00003364: $ 5 <= 00000010
                 455@00003370: $ 0 <= 00000030
                 456@00003374: $ 0 <= 0000001c
                 457@00003378: $ 5 <= 00180000
                 458@0000337c: $ 0 <= 00000038
                 459@00003380: $ 0 <= 00000018
                 460@00003384: $ 8 <= 00100000
                 461@00003388: $ 8 <= 00000020
                 463@00003390: $23 <= 00000004
                 464@00003394: $ 0 <= 00100000
                 465@00003398: $ 0 <= 001c0000
                 466@0000339c: $21 <= 00000000
                 467@000033a0: $ 0 <= 00080000
                 468@000033a4: $20 <= 00140000
                 469@000033a8: $ 8 <= 00000000
                 470@000033ac: $ 0 <= 00000000
                 471@000033b0: $ 0 <= 00000000
                 473@000033b8: $ 0 <= 00000000
                 474@000033bc: $ 0 <= 00040000
                 475@000033c0: $25 <= 00000018
                 476@000033c4: $ 0 <= 00140000
                 477@000033c8: $18 <= 001c0000
                 478@000033cc: $ 0 <= 00000004
                 479@000033d0: $22 <= 00040000
                 480@000033d4: $20 <= 00000000
                 481@000033d8: $26 <= 00040010
                 482@000033dc: $31 <= 00040010
                 483@000033e0: $ 1 <= 00180000
                 484@000033e4: $18 <= 00180000
                 485@000033e8: $30 <= 001c0000
                 487@000033f0: $26 <= 00040000
                 488@000033f4: $21 <= 00140000
                 490@000033fc: $ 0 <= 00040010
                 491@00003400: $27 <= 00200000
